<?xml version="1.0" encoding="UTF-8"?>
<!-- Generated by org.testng.reporters.JUnitReportReporter -->
<testsuite skipped="0" hostname="nadsoft-H81M-Gaming-3" name="JeanksProjectTest.JeanksProjectTest.One" tests="1" failures="0" timestamp="14 Apr 2018 10:35:43 GMT" time="21.266" errors="0">
  <testcase name="f" time="21.266" classname="JeanksProjectTest.JeanksProjectTest.One"/>
</testsuite> <!-- JeanksProjectTest.JeanksProjectTest.One -->
